<?xml version="1.0" encoding="UTF-8"?>
<testsuite name="TestSuite" time="213.695" tests="3" errors="0" skipped="0" failures="1">
  <properties>
    <property name="java.runtime.name" value="Java(TM) SE Runtime Environment"/>
    <property name="sun.boot.library.path" value="C:\Program Files\Java\jdk1.8.0_162\jre\bin"/>
    <property name="java.vm.version" value="25.162-b12"/>
    <property name="java.vm.vendor" value="Oracle Corporation"/>
    <property name="maven.multiModuleProjectDirectory" value="D:\Bharath\Selenium Training\manish\workspace\BranchTestAutomationProject"/>
    <property name="java.vendor.url" value="http://java.oracle.com/"/>
    <property name="path.separator" value=";"/>
    <property name="guice.disable.misplaced.annotation.check" value="true"/>
    <property name="java.vm.name" value="Java HotSpot(TM) 64-Bit Server VM"/>
    <property name="file.encoding.pkg" value="sun.io"/>
    <property name="user.script" value=""/>
    <property name="user.country" value="US"/>
    <property name="sun.java.launcher" value="SUN_STANDARD"/>
    <property name="sun.os.patch.level" value="Service Pack 1"/>
    <property name="java.vm.specification.name" value="Java Virtual Machine Specification"/>
    <property name="user.dir" value="D:\Bharath\Selenium Training\manish\workspace\BranchTestAutomationProject"/>
    <property name="java.runtime.version" value="1.8.0_162-b12"/>
    <property name="java.awt.graphicsenv" value="sun.awt.Win32GraphicsEnvironment"/>
    <property name="java.endorsed.dirs" value="C:\Program Files\Java\jdk1.8.0_162\jre\lib\endorsed"/>
    <property name="os.arch" value="amd64"/>
    <property name="java.io.tmpdir" value="C:\Users\Bharath\AppData\Local\Temp\"/>
    <property name="line.separator" value="&#10;"/>
    <property name="java.vm.specification.vendor" value="Oracle Corporation"/>
    <property name="user.variant" value=""/>
    <property name="os.name" value="Windows 7"/>
    <property name="classworlds.conf" value="D:\Bharath\Selenium Training\manish\workspace\.metadata\.plugins\org.eclipse.m2e.launching\launches\m2conf8627309193957837360.tmp"/>
    <property name="sun.jnu.encoding" value="Cp1252"/>
    <property name="java.library.path" value="C:\Program Files\Java\jdk1.8.0_162\bin;C:\Windows\Sun\Java\bin;C:\Windows\system32;C:\Windows;C:/Program Files/Java/jre1.8.0_162/bin/server;C:/Program Files/Java/jre1.8.0_162/bin;C:/Program Files/Java/jre1.8.0_162/lib/amd64;C:\Program Files (x86)\Common Files\Oracle\Java\javapath;C:\Windows\system32;C:\Windows;C:\Windows\System32\Wbem;C:\Windows\System32\WindowsPowerShell\v1.0\;C:\Program Files\Intel\WiFi\bin\;C:\Program Files\Common Files\Intel\WirelessCommon\;C:\Windows\system32\config\systemprofile\.dnx\bin;C:\Program Files\Microsoft DNX\Dnvm\;C:\Program Files\Microsoft SQL Server\120\Tools\Binn\;C:\Program Files\Microsoft SQL Server\130\Tools\Binn\;C:\Program Files\nodejs\;C:\Program Files\Git\cmd;D:\Bharath\Selenium Training\jars\apache-maven-3.5.0\bin;C:\apache-ant-1.10.1\bin;C:\Gradle\gradle-4.6\bin;C:\Program Files\Java\jdk-10.0.1\bin;C:\Program Files\Intel\WiFi\bin\;C:\Program Files\Common Files\Intel\WirelessCommon\;C:\Users\Bharath\AppData\Roaming\npm;C:\Program Files\Java\jdk1.8.0_121\bin;C:\Program Files\Microsoft VS Code\bin;D:\Bharath\eclipse;;."/>
    <property name="java.specification.name" value="Java Platform API Specification"/>
    <property name="java.class.version" value="52.0"/>
    <property name="sun.management.compiler" value="HotSpot 64-Bit Tiered Compilers"/>
    <property name="os.version" value="6.1"/>
    <property name="user.home" value="C:\Users\Bharath"/>
    <property name="user.timezone" value="Asia/Calcutta"/>
    <property name="java.awt.printerjob" value="sun.awt.windows.WPrinterJob"/>
    <property name="java.specification.version" value="1.8"/>
    <property name="file.encoding" value="Cp1252"/>
    <property name="user.name" value="Bharath"/>
    <property name="java.class.path" value="/D:/Bharath/eclipse/plugins/org.eclipse.m2e.maven.runtime_1.8.0.20170516-2042/jars/plexus-classworlds-2.5.2.jar"/>
    <property name="java.vm.specification.version" value="1.8"/>
    <property name="sun.arch.data.model" value="64"/>
    <property name="java.home" value="C:\Program Files\Java\jdk1.8.0_162\jre"/>
    <property name="sun.java.command" value="org.codehaus.plexus.classworlds.launcher.Launcher -B test"/>
    <property name="java.specification.vendor" value="Oracle Corporation"/>
    <property name="user.language" value="en"/>
    <property name="awt.toolkit" value="sun.awt.windows.WToolkit"/>
    <property name="java.vm.info" value="mixed mode"/>
    <property name="java.version" value="1.8.0_162"/>
    <property name="java.ext.dirs" value="C:\Program Files\Java\jdk1.8.0_162\jre\lib\ext;C:\Windows\Sun\Java\lib\ext"/>
    <property name="sun.boot.class.path" value="C:\Program Files\Java\jdk1.8.0_162\jre\lib\resources.jar;C:\Program Files\Java\jdk1.8.0_162\jre\lib\rt.jar;C:\Program Files\Java\jdk1.8.0_162\jre\lib\sunrsasign.jar;C:\Program Files\Java\jdk1.8.0_162\jre\lib\jsse.jar;C:\Program Files\Java\jdk1.8.0_162\jre\lib\jce.jar;C:\Program Files\Java\jdk1.8.0_162\jre\lib\charsets.jar;C:\Program Files\Java\jdk1.8.0_162\jre\lib\jfr.jar;C:\Program Files\Java\jdk1.8.0_162\jre\classes"/>
    <property name="java.vendor" value="Oracle Corporation"/>
    <property name="maven.home" value="D:\Bharath\Selenium Training\manish\workspace\BranchTestAutomationProject\EMBEDDED"/>
    <property name="file.separator" value="\"/>
    <property name="java.vendor.url.bug" value="http://bugreport.sun.com/bugreport/"/>
    <property name="sun.cpu.endian" value="little"/>
    <property name="sun.io.unicode.encoding" value="UnicodeLittle"/>
    <property name="sun.desktop" value="windows"/>
    <property name="sun.cpu.isalist" value="amd64"/>
  </properties>
  <testcase name="verifyEmployeeInfoInAllAndOtherTabs" classname="tests.AutomationTests" time="54.228">
    <failure message="The following asserts failed:&#10;	Verify that number of employees match between All tab and sum of other tabs. expected [119] but found [124],&#10;	Verify that employee names and departments are listed correctly between All tab and Department tabs for the Employee Name:=AMANDA GRADY Department:=Partner Growth expected [false] but found [true],&#10;	Verify that employee names and departments are listed correctly between All tab and Department tabs for the Employee Name:=AMANDA VANDIVER Department:=Partner Growth expected [false] but found [true],&#10;	Verify that employee names and departments are listed correctly between All tab and Department tabs for the Employee Name:=MARK WEILER Department:=Engineering expected [false] but found [true],&#10;	Verify that employee names and departments are listed correctly between All tab and Department tabs for the Employee Name:=VATSAL BAJPAI Department:=Engineering expected [false] but found [true],&#10;	Verify that employee names and departments are listed correctly between All tab and Department tabs for the Employee Name:=YEN HOANG Department:=Engineering expected [false] but found [true]" type="java.lang.AssertionError">java.lang.AssertionError: The following asserts failed:
	Verify that number of employees match between All tab and sum of other tabs. expected [119] but found [124],
	Verify that employee names and departments are listed correctly between All tab and Department tabs for the Employee Name:=AMANDA GRADY Department:=Partner Growth expected [false] but found [true],
	Verify that employee names and departments are listed correctly between All tab and Department tabs for the Employee Name:=AMANDA VANDIVER Department:=Partner Growth expected [false] but found [true],
	Verify that employee names and departments are listed correctly between All tab and Department tabs for the Employee Name:=MARK WEILER Department:=Engineering expected [false] but found [true],
	Verify that employee names and departments are listed correctly between All tab and Department tabs for the Employee Name:=VATSAL BAJPAI Department:=Engineering expected [false] but found [true],
	Verify that employee names and departments are listed correctly between All tab and Department tabs for the Employee Name:=YEN HOANG Department:=Engineering expected [false] but found [true]
	at org.testng.asserts.SoftAssert.assertAll(SoftAssert.java:43)
	at tests.AutomationTests.verifyEmployeeInfoInAllAndOtherTabs(AutomationTests.java:117)
</failure>
    <system-out><![CDATA[Running on Windows OS.
]]></system-out>
    <system-err><![CDATA[Starting ChromeDriver 2.42.591088 (7b2b2dca23cca0862f674758c9a3933e685c27d5) on port 3055
Only local connections are allowed.
Sep 16, 2018 4:20:29 PM org.openqa.selenium.remote.ProtocolHandshake createSession
INFO: Detected dialect: OSS
]]></system-err>
  </testcase>
  <testcase name="verifyRequestADemoButtonFunctionality" classname="tests.AutomationTests" time="146.021"/>
  <testcase name="verifyViewOurCustomersButtonFunctionality" classname="tests.AutomationTests" time="13.446"/>
</testsuite>